<?xml version="1.0" encoding="UTF-8"?>
<testsuite xmlns:xsi="http://www.w3.org/2001/XMLSchema-instance" xsi:noNamespaceSchemaLocation="https://maven.apache.org/surefire/maven-surefire-plugin/xsd/surefire-test-report.xsd" name="org.example.CalculatorTests" time="1.552" tests="10" errors="0" skipped="0" failures="0">
  <properties>
[...]
</properties>
  <testcase name="testAdd" classname="org.example.CalculatorTests" time="0.026"/>
  <testcase name="testDiv" classname="org.example.CalculatorTests" time="0"/>
  <testcase name="testDivByZero" classname="org.example.CalculatorTests" time="0.002"/>
  <testcase name="testFindSquareRoot" classname="org.example.CalculatorTests" time="0"/>
  <testcase name="testFindSquareRootZero" classname="org.example.CalculatorTests" time="0"/>
  <testcase name="testMult" classname="org.example.CalculatorTests" time="0"/>
  <testcase name="testPow" classname="org.example.CalculatorTests" time="0.001"/>
  <testcase name="testPowWithDegreeZero" classname="org.example.CalculatorTests" time="0"/>
  <testcase name="testSquareRootNegativeNumber" classname="org.example.CalculatorTests" time="0.001"/>
  <testcase name="testSub" classname="org.example.CalculatorTests" time="0.001"/>
</testsuite>